<?xml version="1.0" encoding="UTF-8"?>
<!-- Generated by org.testng.reporters.JUnitReportReporter -->
<testsuite hostname="LAPTOP-9060GQE8" failures="0" tests="2" name="com.BEd.Tests.PrintFunctionalityAfterEdit" time="17.107" errors="0" timestamp="2021-05-10T10:44:40 IST" skipped="0">
  <testcase classname="com.BEd.Tests.PrintFunctionalityAfterEdit" name="Login" time="14.044"/>
  <system-out/>
  <testcase classname="com.BEd.Tests.PrintFunctionalityAfterEdit" name="PrintFunctionality" time="3.063"/>
  <system-out/>
</testsuite> <!-- com.BEd.Tests.PrintFunctionalityAfterEdit -->
