<?xml version="1.0" encoding="UTF-8"?>
<!-- Generated by org.testng.reporters.JUnitReportReporter -->
<testsuite hostname="LAPTOP-9060GQE8" failures="0" tests="3" name="com.BEd.Tests.EligibilityCriteriaForSCBtech" time="34.172" errors="0" timestamp="2021-05-10T10:44:40 IST" skipped="0">
  <testcase classname="com.BEd.Tests.EligibilityCriteriaForSCBtech" name="Login" time="15.449"/>
  <system-out/>
  <testcase classname="com.BEd.Tests.EligibilityCriteriaForSCBtech" name="BtechWithMoreThan50Percentage" time="5.891"/>
  <system-out/>
  <testcase classname="com.BEd.Tests.EligibilityCriteriaForSCBtech" name="BtechWithLessThan50Percentage" time="12.832"/>
  <system-out/>
</testsuite> <!-- com.BEd.Tests.EligibilityCriteriaForSCBtech -->
