<?xml version="1.0" encoding="UTF-8"?>
<!-- Generated by org.testng.reporters.JUnitReportReporter -->
<testsuite hostname="LAPTOP-9060GQE8" failures="0" tests="5" name="com.BEd.Tests.YOPComparisons12thGraduation" time="93.621" errors="0" timestamp="2021-05-10T10:44:40 IST" skipped="0">
  <testcase classname="com.BEd.Tests.YOPComparisons12thGraduation" name="Login" time="17.864"/>
  <system-out/>
  <testcase classname="com.BEd.Tests.YOPComparisons12thGraduation" name="YOPBetween12thAndGraduationWithValidData" time="13.829"/>
  <system-out/>
  <testcase classname="com.BEd.Tests.YOPComparisons12thGraduation" name="YOPBetween12thAndGraduationWithIdenticalData" time="20.647"/>
  <system-out/>
  <testcase classname="com.BEd.Tests.YOPComparisons12thGraduation" name="YOPBetween12thAndGraduationWithDiffLessThan3years" time="20.565"/>
  <system-out/>
  <testcase classname="com.BEd.Tests.YOPComparisons12thGraduation" name="YOPBetween12thAndGraduationWithInvalidData" time="20.716"/>
  <system-out/>
</testsuite> <!-- com.BEd.Tests.YOPComparisons12thGraduation -->
