<?xml version="1.0" encoding="UTF-8"?>
<!-- Generated by org.testng.reporters.JUnitReportReporter -->
<testsuite hostname="LAPTOP-9060GQE8" failures="0" tests="3" name="com.BEd.Tests.EligibilityCriteriaForGeneral" time="49.888" errors="0" timestamp="2021-05-03T10:15:31 IST" skipped="0">
  <testcase classname="com.BEd.Tests.EligibilityCriteriaForGeneral" name="Login" time="17.458"/>
  <system-out/>
  <testcase classname="com.BEd.Tests.EligibilityCriteriaForGeneral" name="ScienceWithMoreThan50PercentageInPG" time="13.210"/>
  <system-out/>
  <testcase classname="com.BEd.Tests.EligibilityCriteriaForGeneral" name="ScienceWithLessThan50PercentageInPG" time="19.220"/>
  <system-out/>
</testsuite> <!-- com.BEd.Tests.EligibilityCriteriaForGeneral -->
