<?xml version="1.0" encoding="UTF-8"?>
<!-- Generated by org.testng.reporters.JUnitReportReporter -->
<testsuite hostname="LAPTOP-9060GQE8" failures="0" tests="4" name="com.BEd.Tests.GraduationMarksComparison" time="42.292" errors="0" timestamp="2021-05-10T10:44:40 IST" skipped="0">
  <testcase classname="com.BEd.Tests.GraduationMarksComparison" name="Login" time="15.235"/>
  <system-out/>
  <testcase classname="com.BEd.Tests.GraduationMarksComparison" name="ObtainedMarkIslessthanMaxMark" time="4.855"/>
  <system-out/>
  <testcase classname="com.BEd.Tests.GraduationMarksComparison" name="ObtainedMarkIsEqualToMaxMark" time="10.932"/>
  <system-out/>
  <testcase classname="com.BEd.Tests.GraduationMarksComparison" name="ObtainedMarkIsGreaterThanMaxMark" time="11.270"/>
  <system-out/>
</testsuite> <!-- com.BEd.Tests.GraduationMarksComparison -->
