<?xml version="1.0" encoding="UTF-8"?>
<!-- Generated by org.testng.reporters.JUnitReportReporter -->
<testsuite hostname="LAPTOP-9060GQE8" failures="0" tests="3" name="com.BEd.Tests.EligibilityCriteriaForSEBCScience" time="48.637" errors="0" timestamp="2021-05-10T10:44:40 IST" skipped="0">
  <testcase classname="com.BEd.Tests.EligibilityCriteriaForSEBCScience" name="Login" time="16.270"/>
  <system-out/>
  <testcase classname="com.BEd.Tests.EligibilityCriteriaForSEBCScience" name="ScienceWithMoreThan45PercentageInPG" time="12.669"/>
  <system-out/>
  <testcase classname="com.BEd.Tests.EligibilityCriteriaForSEBCScience" name="ScienceWithLessThan45PercentageInPG" time="19.698"/>
  <system-out/>
</testsuite> <!-- com.BEd.Tests.EligibilityCriteriaForSEBCScience -->
