<?xml version="1.0" encoding="UTF-8"?>
<!-- Generated by org.testng.reporters.JUnitReportReporter -->
<testsuite hostname="LAPTOP-9060GQE8" failures="0" tests="3" name="com.BEd.Tests.EligibilityCriteriaForPHArts" time="34.072" errors="0" timestamp="2021-05-10T10:44:40 IST" skipped="0">
  <testcase classname="com.BEd.Tests.EligibilityCriteriaForPHArts" name="Login" time="15.562"/>
  <system-out/>
  <testcase classname="com.BEd.Tests.EligibilityCriteriaForPHArts" name="ArtsWithMoreThan45PercentageInGraduation" time="5.887"/>
  <system-out/>
  <testcase classname="com.BEd.Tests.EligibilityCriteriaForPHArts" name="ArtsWithLessThan45PercentageInGraduation" time="12.623"/>
  <system-out/>
</testsuite> <!-- com.BEd.Tests.EligibilityCriteriaForPHArts -->
