<?xml version="1.0" encoding="UTF-8"?>
<!-- Generated by org.testng.reporters.JUnitReportReporter -->
<testsuite hostname="LAPTOP-9060GQE8" failures="0" tests="3" name="com.BEd.Tests.EligibilityCriteriaForSTScience" time="48.724" errors="0" timestamp="2021-05-10T10:44:40 IST" skipped="0">
  <testcase classname="com.BEd.Tests.EligibilityCriteriaForSTScience" name="Login" time="16.107"/>
  <system-out/>
  <testcase classname="com.BEd.Tests.EligibilityCriteriaForSTScience" name="ScienceWithMoreThan45PercentageInPG" time="12.742"/>
  <system-out/>
  <testcase classname="com.BEd.Tests.EligibilityCriteriaForSTScience" name="ScienceWithLessThan45PercentageInPG" time="19.875"/>
  <system-out/>
</testsuite> <!-- com.BEd.Tests.EligibilityCriteriaForSTScience -->
