<?xml version="1.0" encoding="UTF-8"?>
<!-- Generated by org.testng.reporters.JUnitReportReporter -->
<testsuite hostname="LAPTOP-9060GQE8" failures="0" tests="3" name="com.BEd.Tests.EligibilityCriteriaForSTArts" time="35.098" errors="0" timestamp="2021-05-10T10:44:40 IST" skipped="0">
  <testcase classname="com.BEd.Tests.EligibilityCriteriaForSTArts" name="Login" time="16.299"/>
  <system-out/>
  <testcase classname="com.BEd.Tests.EligibilityCriteriaForSTArts" name="ArtsWithMoreThan45PercentageInGraduation" time="5.890"/>
  <system-out/>
  <testcase classname="com.BEd.Tests.EligibilityCriteriaForSTArts" name="ArtsWithLessThan45PercentageInGraduation" time="12.909"/>
  <system-out/>
</testsuite> <!-- com.BEd.Tests.EligibilityCriteriaForSTArts -->
