<?xml version="1.0" encoding="UTF-8"?>
<!-- Generated by org.testng.reporters.JUnitReportReporter -->
<testsuite hostname="LAPTOP-9060GQE8" failures="0" tests="3" name="com.BEd.Tests.EligibilityCriteriaForGeneralBTech" time="40.365" errors="0" timestamp="2021-05-10T10:44:40 IST" skipped="0">
  <testcase classname="com.BEd.Tests.EligibilityCriteriaForGeneralBTech" name="Login" time="15.250"/>
  <system-out/>
  <testcase classname="com.BEd.Tests.EligibilityCriteriaForGeneralBTech" name="BtechWithMoreThan55Percentage" time="9.146"/>
  <system-out/>
  <testcase classname="com.BEd.Tests.EligibilityCriteriaForGeneralBTech" name="BtechWithLessThan55Percentage" time="15.969"/>
  <system-out/>
</testsuite> <!-- com.BEd.Tests.EligibilityCriteriaForGeneralBTech -->
