<?xml version="1.0" encoding="UTF-8"?>
<!-- Generated by org.testng.reporters.JUnitReportReporter -->
<testsuite hostname="LAPTOP-9060GQE8" failures="0" tests="5" name="com.BEd.Tests.YOPComparisonsGraduationPG" time="93.763" errors="0" timestamp="2021-05-10T10:44:40 IST" skipped="0">
  <testcase classname="com.BEd.Tests.YOPComparisonsGraduationPG" name="Login" time="18.181"/>
  <system-out/>
  <testcase classname="com.BEd.Tests.YOPComparisonsGraduationPG" name="YOPBetweenGraduationAndPGWithValidData" time="13.827"/>
  <system-out/>
  <testcase classname="com.BEd.Tests.YOPComparisonsGraduationPG" name="YOPBetweenGraduationAndPGWithIdenticalData" time="20.488"/>
  <system-out/>
  <testcase classname="com.BEd.Tests.YOPComparisonsGraduationPG" name="YOPBetweenGraduationAndPGWithDiffLessThan3years" time="20.550"/>
  <system-out/>
  <testcase classname="com.BEd.Tests.YOPComparisonsGraduationPG" name="YOPBetweenGraduationAndPGWithInvalidData" time="20.717"/>
  <system-out/>
</testsuite> <!-- com.BEd.Tests.YOPComparisonsGraduationPG -->
