<?xml version="1.0" encoding="UTF-8"?>
<!-- Generated by org.testng.reporters.JUnitReportReporter -->
<testsuite skipped="0" hostname="CSMBHUL251" name="com.BEd.Tests.ApplyingCAFWithDifferentBoards" tests="3" failures="0" timestamp="2021-04-20T16:43:39 IST" time="142.789" errors="0">
  <testcase name="Login" time="20.246" classname="com.BEd.Tests.ApplyingCAFWithDifferentBoards"/>
  <system-out/>
  <testcase name="ApplyingCAFByOdishaBoard" time="57.639" classname="com.BEd.Tests.ApplyingCAFWithDifferentBoards"/>
  <system-out/>
  <testcase name="ApplyingCAFByNonOdishaBoard" time="64.904" classname="com.BEd.Tests.ApplyingCAFWithDifferentBoards"/>
  <system-out/>
</testsuite> <!-- com.BEd.Tests.ApplyingCAFWithDifferentBoards -->
