<?xml version="1.0" encoding="UTF-8"?>
<!-- Generated by org.testng.reporters.JUnitReportReporter -->
<testsuite hostname="LAPTOP-9060GQE8" failures="0" tests="3" name="com.BEd.Tests.EligibilityCriteriaForSCScience" time="47.437" errors="0" timestamp="2021-05-10T10:44:40 IST" skipped="0">
  <testcase classname="com.BEd.Tests.EligibilityCriteriaForSCScience" name="Login" time="15.246"/>
  <system-out/>
  <testcase classname="com.BEd.Tests.EligibilityCriteriaForSCScience" name="ScienceWithMoreThan45PercentageInPG" time="12.648"/>
  <system-out/>
  <testcase classname="com.BEd.Tests.EligibilityCriteriaForSCScience" name="ScienceWithLessThan45PercentageInPG" time="19.543"/>
  <system-out/>
</testsuite> <!-- com.BEd.Tests.EligibilityCriteriaForSCScience -->
