<?xml version="1.0" encoding="UTF-8"?>
<!-- Generated by org.testng.reporters.JUnitReportReporter -->
<testsuite hostname="LAPTOP-9060GQE8" failures="0" tests="4" name="com.BEd.Tests.PGMarksComparison" time="64.667" errors="0" timestamp="2021-05-10T10:44:40 IST" skipped="0">
  <testcase classname="com.BEd.Tests.PGMarksComparison" name="Login" time="17.869"/>
  <system-out/>
  <testcase classname="com.BEd.Tests.PGMarksComparison" name="ObtainedMarkIslessthanMaxMark" time="11.694"/>
  <system-out/>
  <testcase classname="com.BEd.Tests.PGMarksComparison" name="ObtainedMarkIsEqualToMaxMark" time="18.820"/>
  <system-out/>
  <testcase classname="com.BEd.Tests.PGMarksComparison" name="ObtainedMarkIsGreaterThanMaxMark" time="16.284"/>
  <system-out/>
</testsuite> <!-- com.BEd.Tests.PGMarksComparison -->
