<?xml version="1.0" encoding="UTF-8"?>
<!-- Generated by org.testng.reporters.JUnitReportReporter -->
<testsuite hostname="LAPTOP-9060GQE8" failures="0" tests="3" name="com.BEd.Tests.EligibilityCriteriaForGeneralArts" time="34.113" errors="0" timestamp="2021-05-10T10:44:40 IST" skipped="0">
  <testcase classname="com.BEd.Tests.EligibilityCriteriaForGeneralArts" name="Login" time="15.445"/>
  <system-out/>
  <testcase classname="com.BEd.Tests.EligibilityCriteriaForGeneralArts" name="ArtsWithMoreThan50PercentageInGraduation" time="5.912"/>
  <system-out/>
  <testcase classname="com.BEd.Tests.EligibilityCriteriaForGeneralArts" name="ArtsWithLessThan50PercentageInGraduation" time="12.756"/>
  <system-out/>
</testsuite> <!-- com.BEd.Tests.EligibilityCriteriaForGeneralArts -->
