<?xml version="1.0" encoding="UTF-8"?>
<!-- Generated by org.testng.reporters.JUnitReportReporter -->
<testsuite hostname="LAPTOP-9060GQE8" failures="0" tests="3" name="com.BEd.Tests.EligibilityCriteriaForSEBCArts" time="36.269" errors="0" timestamp="2021-05-10T10:44:40 IST" skipped="0">
  <testcase classname="com.BEd.Tests.EligibilityCriteriaForSEBCArts" name="Login" time="17.340"/>
  <system-out/>
  <testcase classname="com.BEd.Tests.EligibilityCriteriaForSEBCArts" name="ArtsWithMoreThan45PercentageInGraduation" time="6.010"/>
  <system-out/>
  <testcase classname="com.BEd.Tests.EligibilityCriteriaForSEBCArts" name="ArtsWithLessThan45PercentageInGraduation" time="12.919"/>
  <system-out/>
</testsuite> <!-- com.BEd.Tests.EligibilityCriteriaForSEBCArts -->
