<?xml version="1.0" encoding="UTF-8"?>
<!-- Generated by org.testng.reporters.JUnitReportReporter -->
<testsuite hostname="LAPTOP-9060GQE8" failures="0" tests="3" name="com.BEd.Tests.EligibilityCriteriaForSEBCBtech" time="35.578" errors="0" timestamp="2021-05-10T10:44:40 IST" skipped="0">
  <testcase classname="com.BEd.Tests.EligibilityCriteriaForSEBCBtech" name="Login" time="16.724"/>
  <system-out/>
  <testcase classname="com.BEd.Tests.EligibilityCriteriaForSEBCBtech" name="BtechWithMoreThan50Percentage" time="5.878"/>
  <system-out/>
  <testcase classname="com.BEd.Tests.EligibilityCriteriaForSEBCBtech" name="BtechWithLessThan50Percentage" time="12.976"/>
  <system-out/>
</testsuite> <!-- com.BEd.Tests.EligibilityCriteriaForSEBCBtech -->
