<?xml version="1.0" encoding="UTF-8"?>
<!-- Generated by org.testng.reporters.JUnitReportReporter -->
<testsuite hostname="LAPTOP-9060GQE8" failures="0" tests="3" name="com.BEd.Tests.EligibilityCriteriaForPHScience" time="51.715" errors="0" timestamp="2021-05-10T10:44:40 IST" skipped="0">
  <testcase classname="com.BEd.Tests.EligibilityCriteriaForPHScience" name="Login" time="19.483"/>
  <system-out/>
  <testcase classname="com.BEd.Tests.EligibilityCriteriaForPHScience" name="ScienceWithMoreThan45PercentageInPG" time="12.968"/>
  <system-out/>
  <testcase classname="com.BEd.Tests.EligibilityCriteriaForPHScience" name="ScienceWithLessThan45PercentageInPG" time="19.264"/>
  <system-out/>
</testsuite> <!-- com.BEd.Tests.EligibilityCriteriaForPHScience -->
