<?xml version="1.0" encoding="UTF-8"?>
<!-- Generated by org.testng.reporters.JUnitReportReporter -->
<testsuite hostname="LAPTOP-9060GQE8" failures="0" tests="3" name="com.BEd.Tests.EligibilityCriteriaForGeneralScience" time="48.178" errors="0" timestamp="2021-05-10T10:44:40 IST" skipped="0">
  <testcase classname="com.BEd.Tests.EligibilityCriteriaForGeneralScience" name="Login" time="15.629"/>
  <system-out/>
  <testcase classname="com.BEd.Tests.EligibilityCriteriaForGeneralScience" name="ScienceWithMoreThan50PercentageInPG" time="12.786"/>
  <system-out/>
  <testcase classname="com.BEd.Tests.EligibilityCriteriaForGeneralScience" name="ScienceWithLessThan50PercentageInPG" time="19.763"/>
  <system-out/>
</testsuite> <!-- com.BEd.Tests.EligibilityCriteriaForGeneralScience -->
